[1.020s] DEBUG:colcon:Command line arguments: ['/usr/bin/colcon', 'build', '--packages-select', 'encoder_reader']
[1.020s] DEBUG:colcon:Parsed command line arguments: Namespace(allow_overriding=[], ament_cmake_args=None, base_paths=['.'], build_base='build', catkin_cmake_args=None, catkin_skip_building_tests=False, cmake_args=None, cmake_clean_cache=False, cmake_clean_first=False, cmake_force_configure=False, cmake_target=None, cmake_target_skip_unavailable=False, continue_on_error=False, event_handlers=None, executor='parallel', ignore_user_meta=False, install_base='install', log_base=None, log_level=None, main=<bound method BuildVerb.main of <colcon_core.verb.build.BuildVerb object at 0xffffa2f2c4f0>>, merge_install=False, metas=['./colcon.meta'], mixin=None, mixin_files=None, mixin_verb=('build',), packages_above=None, packages_above_and_dependencies=None, packages_above_depth=None, packages_end=None, packages_ignore=None, packages_ignore_regex=None, packages_select=['encoder_reader'], packages_select_build_failed=False, packages_select_by_dep=None, packages_select_regex=None, packages_select_test_failures=False, packages_skip=None, packages_skip_build_finished=False, packages_skip_by_dep=None, packages_skip_regex=None, packages_skip_test_passed=False, packages_skip_up_to=None, packages_start=None, packages_up_to=None, packages_up_to_regex=None, parallel_workers=4, paths=None, symlink_install=False, test_result_base=None, verb_extension=<colcon_core.verb.build.BuildVerb object at 0xffffa2f2c4f0>, verb_name='build', verb_parser=<colcon_mixin.mixin.mixin_argument.MixinArgumentDecorator object at 0xffffa2e02ac0>)
[1.754s] Level 1:colcon.colcon_core.package_discovery:discover_packages(colcon_meta) check parameters
[1.755s] Level 1:colcon.colcon_core.package_discovery:discover_packages(recursive) check parameters
[1.756s] Level 1:colcon.colcon_core.package_discovery:discover_packages(ignore) check parameters
[1.756s] Level 1:colcon.colcon_core.package_discovery:discover_packages(path) check parameters
[1.756s] Level 1:colcon.colcon_core.package_discovery:discover_packages(colcon_meta) discover
[1.756s] Level 1:colcon.colcon_core.package_discovery:discover_packages(recursive) discover
[1.756s] INFO:colcon.colcon_core.package_discovery:Crawling recursively for packages in '/home/mehul/motor_test/src'
[1.757s] Level 1:colcon.colcon_core.package_identification:_identify(.) by extensions ['ignore', 'ignore_ament_install']
[1.757s] Level 1:colcon.colcon_core.package_identification:_identify(.) by extension 'ignore'
[1.758s] Level 1:colcon.colcon_core.package_identification:_identify(.) by extension 'ignore_ament_install'
[1.758s] Level 1:colcon.colcon_core.package_identification:_identify(.) by extensions ['colcon_pkg']
[1.758s] Level 1:colcon.colcon_core.package_identification:_identify(.) by extension 'colcon_pkg'
[1.758s] Level 1:colcon.colcon_core.package_identification:_identify(.) by extensions ['colcon_meta']
[1.758s] Level 1:colcon.colcon_core.package_identification:_identify(.) by extension 'colcon_meta'
[1.759s] Level 1:colcon.colcon_core.package_identification:_identify(.) by extensions ['ros']
[1.759s] Level 1:colcon.colcon_core.package_identification:_identify(.) by extension 'ros'
[1.827s] Level 1:colcon.colcon_core.package_identification:_identify(.) by extensions ['cmake', 'python']
[1.828s] Level 1:colcon.colcon_core.package_identification:_identify(.) by extension 'cmake'
[1.828s] Level 1:colcon.colcon_core.package_identification:_identify(.) by extension 'python'
[1.828s] Level 1:colcon.colcon_core.package_identification:_identify(.) by extensions ['python_setup_py']
[1.828s] Level 1:colcon.colcon_core.package_identification:_identify(.) by extension 'python_setup_py'
[1.829s] Level 1:colcon.colcon_core.package_identification:_identify(build) by extensions ['ignore', 'ignore_ament_install']
[1.829s] Level 1:colcon.colcon_core.package_identification:_identify(build) by extension 'ignore'
[1.829s] Level 1:colcon.colcon_core.package_identification:_identify(build) ignored
[1.830s] Level 1:colcon.colcon_core.package_identification:_identify(encoder_reader) by extensions ['ignore', 'ignore_ament_install']
[1.830s] Level 1:colcon.colcon_core.package_identification:_identify(encoder_reader) by extension 'ignore'
[1.831s] Level 1:colcon.colcon_core.package_identification:_identify(encoder_reader) by extension 'ignore_ament_install'
[1.831s] Level 1:colcon.colcon_core.package_identification:_identify(encoder_reader) by extensions ['colcon_pkg']
[1.831s] Level 1:colcon.colcon_core.package_identification:_identify(encoder_reader) by extension 'colcon_pkg'
[1.831s] Level 1:colcon.colcon_core.package_identification:_identify(encoder_reader) by extensions ['colcon_meta']
[1.832s] Level 1:colcon.colcon_core.package_identification:_identify(encoder_reader) by extension 'colcon_meta'
[1.832s] Level 1:colcon.colcon_core.package_identification:_identify(encoder_reader) by extensions ['ros']
[1.832s] Level 1:colcon.colcon_core.package_identification:_identify(encoder_reader) by extension 'ros'
[1.850s] DEBUG:colcon.colcon_core.package_identification:Package 'encoder_reader' with type 'ros.ament_python' and name 'encoder_reader'
[1.850s] Level 1:colcon.colcon_core.package_identification:_identify(install) by extensions ['ignore', 'ignore_ament_install']
[1.851s] Level 1:colcon.colcon_core.package_identification:_identify(install) by extension 'ignore'
[1.851s] Level 1:colcon.colcon_core.package_identification:_identify(install) ignored
[1.852s] Level 1:colcon.colcon_core.package_identification:_identify(log) by extensions ['ignore', 'ignore_ament_install']
[1.852s] Level 1:colcon.colcon_core.package_identification:_identify(log) by extension 'ignore'
[1.853s] Level 1:colcon.colcon_core.package_identification:_identify(log) ignored
[1.853s] Level 1:colcon.colcon_core.package_discovery:discover_packages(recursive) using defaults
[1.853s] Level 1:colcon.colcon_core.package_discovery:discover_packages(ignore) discover
[1.853s] Level 1:colcon.colcon_core.package_discovery:discover_packages(ignore) using defaults
[1.853s] Level 1:colcon.colcon_core.package_discovery:discover_packages(path) discover
[1.854s] Level 1:colcon.colcon_core.package_discovery:discover_packages(path) using defaults
[1.937s] Level 1:colcon.colcon_core.package_discovery:discover_packages(prefix_path) check parameters
[1.938s] Level 1:colcon.colcon_core.package_discovery:discover_packages(prefix_path) discover
[1.951s] DEBUG:colcon.colcon_installed_package_information.package_discovery:Found 1 installed packages in /home/mehul/lidar_test/src/install
[1.953s] DEBUG:colcon.colcon_installed_package_information.package_discovery:Found 1 installed packages in /home/mehul/motor_test/src/install
[1.961s] DEBUG:colcon.colcon_installed_package_information.package_discovery:Found 264 installed packages in /opt/ros/foxy
[2.009s] Level 1:colcon.colcon_core.package_discovery:discover_packages(prefix_path) using defaults
[2.385s] Level 5:colcon.colcon_core.verb:set package 'encoder_reader' build argument 'cmake_args' from command line to 'None'
[2.385s] Level 5:colcon.colcon_core.verb:set package 'encoder_reader' build argument 'cmake_target' from command line to 'None'
[2.385s] Level 5:colcon.colcon_core.verb:set package 'encoder_reader' build argument 'cmake_target_skip_unavailable' from command line to 'False'
[2.385s] Level 5:colcon.colcon_core.verb:set package 'encoder_reader' build argument 'cmake_clean_cache' from command line to 'False'
[2.385s] Level 5:colcon.colcon_core.verb:set package 'encoder_reader' build argument 'cmake_clean_first' from command line to 'False'
[2.385s] Level 5:colcon.colcon_core.verb:set package 'encoder_reader' build argument 'cmake_force_configure' from command line to 'False'
[2.385s] Level 5:colcon.colcon_core.verb:set package 'encoder_reader' build argument 'ament_cmake_args' from command line to 'None'
[2.386s] Level 5:colcon.colcon_core.verb:set package 'encoder_reader' build argument 'catkin_cmake_args' from command line to 'None'
[2.386s] Level 5:colcon.colcon_core.verb:set package 'encoder_reader' build argument 'catkin_skip_building_tests' from command line to 'False'
[2.386s] DEBUG:colcon.colcon_core.verb:Building package 'encoder_reader' with the following arguments: {'ament_cmake_args': None, 'build_base': '/home/mehul/motor_test/src/build/encoder_reader', 'catkin_cmake_args': None, 'catkin_skip_building_tests': False, 'cmake_args': None, 'cmake_clean_cache': False, 'cmake_clean_first': False, 'cmake_force_configure': False, 'cmake_target': None, 'cmake_target_skip_unavailable': False, 'install_base': '/home/mehul/motor_test/src/install/encoder_reader', 'merge_install': False, 'path': '/home/mehul/motor_test/src/encoder_reader', 'symlink_install': False, 'test_result_base': None}
[2.386s] INFO:colcon.colcon_core.executor:Executing jobs using 'parallel' executor
[2.390s] DEBUG:colcon.colcon_parallel_executor.executor.parallel:run_until_complete
[2.391s] INFO:colcon.colcon_ros.task.ament_python.build:Building ROS package in '/home/mehul/motor_test/src/encoder_reader' with build type 'ament_python'
[2.391s] Level 1:colcon.colcon_core.shell:create_environment_hook('encoder_reader', 'ament_prefix_path')
[2.408s] INFO:colcon.colcon_core.plugin_system:Skipping extension 'colcon_core.shell.bat': Not used on non-Windows systems
[2.410s] INFO:colcon.colcon_core.shell:Creating environment hook '/home/mehul/motor_test/src/install/encoder_reader/share/encoder_reader/hook/ament_prefix_path.ps1'
[2.415s] INFO:colcon.colcon_core.shell:Creating environment descriptor '/home/mehul/motor_test/src/install/encoder_reader/share/encoder_reader/hook/ament_prefix_path.dsv'
[2.418s] INFO:colcon.colcon_core.shell:Creating environment hook '/home/mehul/motor_test/src/install/encoder_reader/share/encoder_reader/hook/ament_prefix_path.sh'
[2.423s] INFO:colcon.colcon_core.shell:Skip shell extension 'powershell' for command environment: Not usable outside of PowerShell
[2.423s] DEBUG:colcon.colcon_core.shell:Skip shell extension 'dsv' for command environment
[3.377s] INFO:colcon.colcon_core.task.python.build:Building Python package in '/home/mehul/motor_test/src/encoder_reader'
[3.378s] INFO:colcon.colcon_core.shell:Skip shell extension 'powershell' for command environment: Not usable outside of PowerShell
[3.379s] DEBUG:colcon.colcon_core.shell:Skip shell extension 'dsv' for command environment
[5.188s] DEBUG:colcon.colcon_core.event_handler.log_command:Invoking command in '/home/mehul/motor_test/src/encoder_reader': PYTHONPATH=/home/mehul/motor_test/src/build/encoder_reader/prefix_override:/usr/lib/python3/dist-packages/colcon_core/task/python/colcon_distutils_commands:/home/mehul/motor_test/src/install/encoder_reader/lib/python3.8/site-packages:${PYTHONPATH} /usr/bin/python3 -W ignore:setup.py install is deprecated -W ignore:easy_install command is deprecated setup.py egg_info --egg-base ../build/encoder_reader build --build-base /home/mehul/motor_test/src/build/encoder_reader/build install --record /home/mehul/motor_test/src/build/encoder_reader/install.log --install-scripts $base/lib/encoder_reader --single-version-externally-managed install_data
[6.393s] DEBUG:colcon.colcon_core.event_handler.log_command:Invoked command in '/home/mehul/motor_test/src/encoder_reader' returned '0': PYTHONPATH=/home/mehul/motor_test/src/build/encoder_reader/prefix_override:/usr/lib/python3/dist-packages/colcon_core/task/python/colcon_distutils_commands:/home/mehul/motor_test/src/install/encoder_reader/lib/python3.8/site-packages:${PYTHONPATH} /usr/bin/python3 -W ignore:setup.py install is deprecated -W ignore:easy_install command is deprecated setup.py egg_info --egg-base ../build/encoder_reader build --build-base /home/mehul/motor_test/src/build/encoder_reader/build install --record /home/mehul/motor_test/src/build/encoder_reader/install.log --install-scripts $base/lib/encoder_reader --single-version-externally-managed install_data
[6.415s] Level 1:colcon.colcon_core.environment:checking '/home/mehul/motor_test/src/install/encoder_reader' for CMake module files
[6.418s] Level 1:colcon.colcon_core.environment:checking '/home/mehul/motor_test/src/install/encoder_reader' for CMake config files
[6.423s] Level 1:colcon.colcon_core.environment:checking '/home/mehul/motor_test/src/install/encoder_reader/lib'
[6.424s] Level 1:colcon.colcon_core.environment:checking '/home/mehul/motor_test/src/install/encoder_reader/bin'
[6.424s] Level 1:colcon.colcon_core.environment:checking '/home/mehul/motor_test/src/install/encoder_reader/lib/pkgconfig/encoder_reader.pc'
[6.425s] Level 1:colcon.colcon_core.environment:checking '/home/mehul/motor_test/src/install/encoder_reader/lib/python3.8/site-packages'
[6.426s] Level 1:colcon.colcon_core.shell:create_environment_hook('encoder_reader', 'pythonpath')
[6.427s] INFO:colcon.colcon_core.shell:Creating environment hook '/home/mehul/motor_test/src/install/encoder_reader/share/encoder_reader/hook/pythonpath.ps1'
[6.429s] INFO:colcon.colcon_core.shell:Creating environment descriptor '/home/mehul/motor_test/src/install/encoder_reader/share/encoder_reader/hook/pythonpath.dsv'
[6.431s] INFO:colcon.colcon_core.shell:Creating environment hook '/home/mehul/motor_test/src/install/encoder_reader/share/encoder_reader/hook/pythonpath.sh'
[6.433s] Level 1:colcon.colcon_core.environment:checking '/home/mehul/motor_test/src/install/encoder_reader/bin'
[6.434s] Level 1:colcon.colcon_core.environment:create_environment_scripts_only(encoder_reader)
[6.435s] INFO:colcon.colcon_core.shell:Creating package script '/home/mehul/motor_test/src/install/encoder_reader/share/encoder_reader/package.ps1'
[6.439s] INFO:colcon.colcon_core.shell:Creating package descriptor '/home/mehul/motor_test/src/install/encoder_reader/share/encoder_reader/package.dsv'
[6.443s] INFO:colcon.colcon_core.shell:Creating package script '/home/mehul/motor_test/src/install/encoder_reader/share/encoder_reader/package.sh'
[6.448s] INFO:colcon.colcon_core.shell:Creating package script '/home/mehul/motor_test/src/install/encoder_reader/share/encoder_reader/package.bash'
[6.453s] INFO:colcon.colcon_core.shell:Creating package script '/home/mehul/motor_test/src/install/encoder_reader/share/encoder_reader/package.zsh'
[6.458s] Level 1:colcon.colcon_core.environment:create_file_with_runtime_dependencies(/home/mehul/motor_test/src/install/encoder_reader/share/colcon-core/packages/encoder_reader)
[6.461s] DEBUG:colcon.colcon_parallel_executor.executor.parallel:closing loop
[6.462s] DEBUG:colcon.colcon_parallel_executor.executor.parallel:loop closed
[6.463s] DEBUG:colcon.colcon_parallel_executor.executor.parallel:run_until_complete finished with '0'
[6.463s] DEBUG:colcon.colcon_core.event_reactor:joining thread
[6.490s] INFO:colcon.colcon_core.plugin_system:Skipping extension 'colcon_notification.desktop_notification.notify_send': Could not find 'notify-send'
[6.490s] INFO:colcon.colcon_core.plugin_system:Skipping extension 'colcon_notification.desktop_notification.terminal_notifier': Not used on non-Darwin systems
[6.490s] INFO:colcon.colcon_core.plugin_system:Skipping extension 'colcon_notification.desktop_notification.win32': Not used on non-Windows systems
[6.491s] INFO:colcon.colcon_notification.desktop_notification:Sending desktop notification using 'notify2'
[6.494s] DEBUG:colcon.colcon_notification.desktop_notification.notify2:Failed to initialize notify2: org.freedesktop.DBus.Error.ServiceUnknown: The name org.freedesktop.Notifications was not provided by any .service files
[6.494s] DEBUG:colcon.colcon_core.event_reactor:joined thread
[6.495s] INFO:colcon.colcon_core.shell:Creating prefix script '/home/mehul/motor_test/src/install/local_setup.ps1'
[6.499s] INFO:colcon.colcon_core.shell:Creating prefix util module '/home/mehul/motor_test/src/install/_local_setup_util_ps1.py'
[6.507s] INFO:colcon.colcon_core.shell:Creating prefix chain script '/home/mehul/motor_test/src/install/setup.ps1'
[6.514s] INFO:colcon.colcon_core.shell:Creating prefix script '/home/mehul/motor_test/src/install/local_setup.sh'
[6.517s] INFO:colcon.colcon_core.shell:Creating prefix util module '/home/mehul/motor_test/src/install/_local_setup_util_sh.py'
[6.520s] INFO:colcon.colcon_core.shell:Creating prefix chain script '/home/mehul/motor_test/src/install/setup.sh'
[6.525s] INFO:colcon.colcon_core.shell:Creating prefix script '/home/mehul/motor_test/src/install/local_setup.bash'
[6.528s] INFO:colcon.colcon_core.shell:Creating prefix chain script '/home/mehul/motor_test/src/install/setup.bash'
[6.533s] INFO:colcon.colcon_core.shell:Creating prefix script '/home/mehul/motor_test/src/install/local_setup.zsh'
[6.537s] INFO:colcon.colcon_core.shell:Creating prefix chain script '/home/mehul/motor_test/src/install/setup.zsh'
