[2.612s] Invoking command in '/home/mehul/motor_test/src/encoder_reader': PYTHONPATH=/home/mehul/motor_test/src/build/encoder_reader/prefix_override:/usr/lib/python3/dist-packages/colcon_core/task/python/colcon_distutils_commands:/home/mehul/motor_test/src/install/encoder_reader/lib/python3.8/site-packages:${PYTHONPATH} /usr/bin/python3 -W ignore:setup.py install is deprecated -W ignore:easy_install command is deprecated setup.py egg_info --egg-base ../build/encoder_reader build --build-base /home/mehul/motor_test/src/build/encoder_reader/build install --record /home/mehul/motor_test/src/build/encoder_reader/install.log --install-scripts $base/lib/encoder_reader --single-version-externally-managed install_data
[3.489s] running egg_info
[3.492s] writing ../build/encoder_reader/encoder_reader.egg-info/PKG-INFO
[3.493s] writing dependency_links to ../build/encoder_reader/encoder_reader.egg-info/dependency_links.txt
[3.495s] writing entry points to ../build/encoder_reader/encoder_reader.egg-info/entry_points.txt
[3.495s] writing requirements to ../build/encoder_reader/encoder_reader.egg-info/requires.txt
[3.496s] writing top-level names to ../build/encoder_reader/encoder_reader.egg-info/top_level.txt
[3.619s] reading manifest file '../build/encoder_reader/encoder_reader.egg-info/SOURCES.txt'
[3.623s] writing manifest file '../build/encoder_reader/encoder_reader.egg-info/SOURCES.txt'
[3.624s] running build
[3.624s] running build_py
[3.625s] copying encoder_reader/motor_interface.py -> /home/mehul/motor_test/src/build/encoder_reader/build/lib/encoder_reader
[3.627s] running install
[3.630s] running install_lib
[3.634s] copying /home/mehul/motor_test/src/build/encoder_reader/build/lib/encoder_reader/motor_interface.py -> /home/mehul/motor_test/src/install/encoder_reader/lib/python3.8/site-packages/encoder_reader
[3.637s] byte-compiling /home/mehul/motor_test/src/install/encoder_reader/lib/python3.8/site-packages/encoder_reader/motor_interface.py to motor_interface.cpython-38.pyc
[3.643s] running install_data
[3.644s] running install_egg_info
[3.650s] removing '/home/mehul/motor_test/src/install/encoder_reader/lib/python3.8/site-packages/encoder_reader-0.0.0-py3.8.egg-info' (and everything under it)
[3.652s] Copying ../build/encoder_reader/encoder_reader.egg-info to /home/mehul/motor_test/src/install/encoder_reader/lib/python3.8/site-packages/encoder_reader-0.0.0-py3.8.egg-info
[3.657s] running install_scripts
[3.718s] Installing encoder_odom script to /home/mehul/motor_test/src/install/encoder_reader/lib/encoder_reader
[3.719s] Installing encoder_serial_node script to /home/mehul/motor_test/src/install/encoder_reader/lib/encoder_reader
[3.720s] Installing motor_interface script to /home/mehul/motor_test/src/install/encoder_reader/lib/encoder_reader
[3.722s] writing list of installed files to '/home/mehul/motor_test/src/build/encoder_reader/install.log'
[3.816s] Invoked command in '/home/mehul/motor_test/src/encoder_reader' returned '0': PYTHONPATH=/home/mehul/motor_test/src/build/encoder_reader/prefix_override:/usr/lib/python3/dist-packages/colcon_core/task/python/colcon_distutils_commands:/home/mehul/motor_test/src/install/encoder_reader/lib/python3.8/site-packages:${PYTHONPATH} /usr/bin/python3 -W ignore:setup.py install is deprecated -W ignore:easy_install command is deprecated setup.py egg_info --egg-base ../build/encoder_reader build --build-base /home/mehul/motor_test/src/build/encoder_reader/build install --record /home/mehul/motor_test/src/build/encoder_reader/install.log --install-scripts $base/lib/encoder_reader --single-version-externally-managed install_data
