[2.580s] Invoking command in '/home/mehul/motor_test/src/encoder_reader': PYTHONPATH=/home/mehul/motor_test/src/build/encoder_reader/prefix_override:/usr/lib/python3/dist-packages/colcon_core/task/python/colcon_distutils_commands:/home/mehul/motor_test/src/install/encoder_reader/lib/python3.8/site-packages:${PYTHONPATH} /usr/bin/python3 -W ignore:setup.py install is deprecated -W ignore:easy_install command is deprecated setup.py egg_info --egg-base ../build/encoder_reader build --build-base /home/mehul/motor_test/src/build/encoder_reader/build install --record /home/mehul/motor_test/src/build/encoder_reader/install.log --install-scripts $base/lib/encoder_reader --single-version-externally-managed install_data
[3.483s] running egg_info
[3.486s] writing ../build/encoder_reader/encoder_reader.egg-info/PKG-INFO
[3.487s] writing dependency_links to ../build/encoder_reader/encoder_reader.egg-info/dependency_links.txt
[3.488s] writing entry points to ../build/encoder_reader/encoder_reader.egg-info/entry_points.txt
[3.489s] writing requirements to ../build/encoder_reader/encoder_reader.egg-info/requires.txt
[3.489s] writing top-level names to ../build/encoder_reader/encoder_reader.egg-info/top_level.txt
[3.615s] reading manifest file '../build/encoder_reader/encoder_reader.egg-info/SOURCES.txt'
[3.619s] writing manifest file '../build/encoder_reader/encoder_reader.egg-info/SOURCES.txt'
[3.620s] running build
[3.620s] running build_py
[3.622s] running install
[3.626s] running install_lib
[3.633s] running install_data
[3.633s] copying package.xml -> /home/mehul/motor_test/src/install/encoder_reader/share/encoder_reader
[3.634s] creating /home/mehul/motor_test/src/install/encoder_reader/share/encoder_reader/launch
[3.635s] copying launch/encoder_system.launch.py -> /home/mehul/motor_test/src/install/encoder_reader/share/encoder_reader/launch
[3.635s] running install_egg_info
[3.642s] removing '/home/mehul/motor_test/src/install/encoder_reader/lib/python3.8/site-packages/encoder_reader-0.0.0-py3.8.egg-info' (and everything under it)
[3.643s] Copying ../build/encoder_reader/encoder_reader.egg-info to /home/mehul/motor_test/src/install/encoder_reader/lib/python3.8/site-packages/encoder_reader-0.0.0-py3.8.egg-info
[3.648s] running install_scripts
[3.711s] Installing encoder_odom script to /home/mehul/motor_test/src/install/encoder_reader/lib/encoder_reader
[3.712s] Installing encoder_serial_node script to /home/mehul/motor_test/src/install/encoder_reader/lib/encoder_reader
[3.713s] Installing motor_interface script to /home/mehul/motor_test/src/install/encoder_reader/lib/encoder_reader
[3.714s] writing list of installed files to '/home/mehul/motor_test/src/build/encoder_reader/install.log'
[3.812s] Invoked command in '/home/mehul/motor_test/src/encoder_reader' returned '0': PYTHONPATH=/home/mehul/motor_test/src/build/encoder_reader/prefix_override:/usr/lib/python3/dist-packages/colcon_core/task/python/colcon_distutils_commands:/home/mehul/motor_test/src/install/encoder_reader/lib/python3.8/site-packages:${PYTHONPATH} /usr/bin/python3 -W ignore:setup.py install is deprecated -W ignore:easy_install command is deprecated setup.py egg_info --egg-base ../build/encoder_reader build --build-base /home/mehul/motor_test/src/build/encoder_reader/build install --record /home/mehul/motor_test/src/build/encoder_reader/install.log --install-scripts $base/lib/encoder_reader --single-version-externally-managed install_data
