[2.553s] Invoking command in '/home/mehul/motor_test/src/encoder_reader': PYTHONPATH=/home/mehul/motor_test/build/encoder_reader/prefix_override:/usr/lib/python3/dist-packages/colcon_core/task/python/colcon_distutils_commands:/home/mehul/motor_test/install/encoder_reader/lib/python3.8/site-packages:${PYTHONPATH} /usr/bin/python3 -W ignore:setup.py install is deprecated -W ignore:easy_install command is deprecated setup.py egg_info --egg-base ../../build/encoder_reader build --build-base /home/mehul/motor_test/build/encoder_reader/build install --record /home/mehul/motor_test/build/encoder_reader/install.log --install-scripts $base/lib/encoder_reader --single-version-externally-managed install_data
[3.440s] running egg_info
[3.443s] writing ../../build/encoder_reader/encoder_reader.egg-info/PKG-INFO
[3.444s] writing dependency_links to ../../build/encoder_reader/encoder_reader.egg-info/dependency_links.txt
[3.445s] writing entry points to ../../build/encoder_reader/encoder_reader.egg-info/entry_points.txt
[3.446s] writing requirements to ../../build/encoder_reader/encoder_reader.egg-info/requires.txt
[3.447s] writing top-level names to ../../build/encoder_reader/encoder_reader.egg-info/top_level.txt
[3.572s] reading manifest file '../../build/encoder_reader/encoder_reader.egg-info/SOURCES.txt'
[3.577s] writing manifest file '../../build/encoder_reader/encoder_reader.egg-info/SOURCES.txt'
[3.578s] running build
[3.578s] running build_py
[3.579s] copying encoder_reader/encoder_odom.py -> /home/mehul/motor_test/build/encoder_reader/build/lib/encoder_reader
[3.580s] running install
[3.583s] running install_lib
[3.587s] copying /home/mehul/motor_test/build/encoder_reader/build/lib/encoder_reader/encoder_odom.py -> /home/mehul/motor_test/install/encoder_reader/lib/python3.8/site-packages/encoder_reader
[3.590s] byte-compiling /home/mehul/motor_test/install/encoder_reader/lib/python3.8/site-packages/encoder_reader/encoder_odom.py to encoder_odom.cpython-38.pyc
[3.597s] running install_data
[3.597s] running install_egg_info
[3.603s] removing '/home/mehul/motor_test/install/encoder_reader/lib/python3.8/site-packages/encoder_reader-0.0.0-py3.8.egg-info' (and everything under it)
[3.605s] Copying ../../build/encoder_reader/encoder_reader.egg-info to /home/mehul/motor_test/install/encoder_reader/lib/python3.8/site-packages/encoder_reader-0.0.0-py3.8.egg-info
[3.609s] running install_scripts
[3.672s] Installing encoder_odom script to /home/mehul/motor_test/install/encoder_reader/lib/encoder_reader
[3.673s] Installing encoder_serial_node script to /home/mehul/motor_test/install/encoder_reader/lib/encoder_reader
[3.675s] writing list of installed files to '/home/mehul/motor_test/build/encoder_reader/install.log'
[3.770s] Invoked command in '/home/mehul/motor_test/src/encoder_reader' returned '0': PYTHONPATH=/home/mehul/motor_test/build/encoder_reader/prefix_override:/usr/lib/python3/dist-packages/colcon_core/task/python/colcon_distutils_commands:/home/mehul/motor_test/install/encoder_reader/lib/python3.8/site-packages:${PYTHONPATH} /usr/bin/python3 -W ignore:setup.py install is deprecated -W ignore:easy_install command is deprecated setup.py egg_info --egg-base ../../build/encoder_reader build --build-base /home/mehul/motor_test/build/encoder_reader/build install --record /home/mehul/motor_test/build/encoder_reader/install.log --install-scripts $base/lib/encoder_reader --single-version-externally-managed install_data
