[3.110s] Invoking command in '/home/mehul/motor_test/src/encoder_reader': PYTHONPATH=/home/mehul/motor_test/src/build/encoder_reader/prefix_override:/usr/lib/python3/dist-packages/colcon_core/task/python/colcon_distutils_commands:/home/mehul/motor_test/src/install/encoder_reader/lib/python3.8/site-packages:${PYTHONPATH} /usr/bin/python3 -W ignore:setup.py install is deprecated -W ignore:easy_install command is deprecated setup.py egg_info --egg-base ../build/encoder_reader build --build-base /home/mehul/motor_test/src/build/encoder_reader/build install --record /home/mehul/motor_test/src/build/encoder_reader/install.log --install-scripts $base/lib/encoder_reader --single-version-externally-managed install_data
[4.100s] running egg_info
[4.104s] writing ../build/encoder_reader/encoder_reader.egg-info/PKG-INFO
[4.105s] writing dependency_links to ../build/encoder_reader/encoder_reader.egg-info/dependency_links.txt
[4.106s] writing entry points to ../build/encoder_reader/encoder_reader.egg-info/entry_points.txt
[4.107s] writing requirements to ../build/encoder_reader/encoder_reader.egg-info/requires.txt
[4.107s] writing top-level names to ../build/encoder_reader/encoder_reader.egg-info/top_level.txt
[4.320s] reading manifest file '../build/encoder_reader/encoder_reader.egg-info/SOURCES.txt'
[4.325s] writing manifest file '../build/encoder_reader/encoder_reader.egg-info/SOURCES.txt'
[4.327s] running build
[4.327s] running build_py
[4.328s] copying encoder_reader/motor_interface.py -> /home/mehul/motor_test/src/build/encoder_reader/build/lib/encoder_reader
[4.332s] running install
[4.334s] running install_lib
[4.340s] copying /home/mehul/motor_test/src/build/encoder_reader/build/lib/encoder_reader/motor_interface.py -> /home/mehul/motor_test/src/install/encoder_reader/lib/python3.8/site-packages/encoder_reader
[4.344s] byte-compiling /home/mehul/motor_test/src/install/encoder_reader/lib/python3.8/site-packages/encoder_reader/motor_interface.py to motor_interface.cpython-38.pyc
[4.351s] running install_data
[4.353s] running install_egg_info
[4.362s] removing '/home/mehul/motor_test/src/install/encoder_reader/lib/python3.8/site-packages/encoder_reader-0.0.0-py3.8.egg-info' (and everything under it)
[4.364s] Copying ../build/encoder_reader/encoder_reader.egg-info to /home/mehul/motor_test/src/install/encoder_reader/lib/python3.8/site-packages/encoder_reader-0.0.0-py3.8.egg-info
[4.373s] running install_scripts
[4.454s] Installing encoder_odom script to /home/mehul/motor_test/src/install/encoder_reader/lib/encoder_reader
[4.458s] Installing encoder_serial_node script to /home/mehul/motor_test/src/install/encoder_reader/lib/encoder_reader
[4.459s] Installing motor_interface script to /home/mehul/motor_test/src/install/encoder_reader/lib/encoder_reader
[4.462s] writing list of installed files to '/home/mehul/motor_test/src/build/encoder_reader/install.log'
[4.573s] Invoked command in '/home/mehul/motor_test/src/encoder_reader' returned '0': PYTHONPATH=/home/mehul/motor_test/src/build/encoder_reader/prefix_override:/usr/lib/python3/dist-packages/colcon_core/task/python/colcon_distutils_commands:/home/mehul/motor_test/src/install/encoder_reader/lib/python3.8/site-packages:${PYTHONPATH} /usr/bin/python3 -W ignore:setup.py install is deprecated -W ignore:easy_install command is deprecated setup.py egg_info --egg-base ../build/encoder_reader build --build-base /home/mehul/motor_test/src/build/encoder_reader/build install --record /home/mehul/motor_test/src/build/encoder_reader/install.log --install-scripts $base/lib/encoder_reader --single-version-externally-managed install_data
