[3.005s] Invoking command in '/home/mehul/motor_test/src/encoder_reader': PYTHONPATH=/home/mehul/motor_test/src/build/encoder_reader/prefix_override:/usr/lib/python3/dist-packages/colcon_core/task/python/colcon_distutils_commands:/home/mehul/motor_test/src/install/encoder_reader/lib/python3.8/site-packages:${PYTHONPATH} /usr/bin/python3 -W ignore:setup.py install is deprecated -W ignore:easy_install command is deprecated setup.py egg_info --egg-base ../build/encoder_reader build --build-base /home/mehul/motor_test/src/build/encoder_reader/build install --record /home/mehul/motor_test/src/build/encoder_reader/install.log --install-scripts $base/lib/encoder_reader --single-version-externally-managed install_data
[3.949s] running egg_info
[3.955s] writing ../build/encoder_reader/encoder_reader.egg-info/PKG-INFO
[3.956s] writing dependency_links to ../build/encoder_reader/encoder_reader.egg-info/dependency_links.txt
[3.958s] writing entry points to ../build/encoder_reader/encoder_reader.egg-info/entry_points.txt
[3.960s] writing requirements to ../build/encoder_reader/encoder_reader.egg-info/requires.txt
[3.961s] writing top-level names to ../build/encoder_reader/encoder_reader.egg-info/top_level.txt
[4.097s] reading manifest file '../build/encoder_reader/encoder_reader.egg-info/SOURCES.txt'
[4.102s] writing manifest file '../build/encoder_reader/encoder_reader.egg-info/SOURCES.txt'
[4.108s] running build
[4.108s] running build_py
[4.109s] copying encoder_reader/motor_interface.py -> /home/mehul/motor_test/src/build/encoder_reader/build/lib/encoder_reader
[4.110s] running install
[4.110s] running install_lib
[4.114s] copying /home/mehul/motor_test/src/build/encoder_reader/build/lib/encoder_reader/motor_interface.py -> /home/mehul/motor_test/src/install/encoder_reader/lib/python3.8/site-packages/encoder_reader
[4.117s] byte-compiling /home/mehul/motor_test/src/install/encoder_reader/lib/python3.8/site-packages/encoder_reader/motor_interface.py to motor_interface.cpython-38.pyc
[4.123s] running install_data
[4.124s] copying launch/encoder_system.launch.py -> /home/mehul/motor_test/src/install/encoder_reader/share/encoder_reader/launch
[4.126s] running install_egg_info
[4.132s] removing '/home/mehul/motor_test/src/install/encoder_reader/lib/python3.8/site-packages/encoder_reader-0.0.0-py3.8.egg-info' (and everything under it)
[4.133s] Copying ../build/encoder_reader/encoder_reader.egg-info to /home/mehul/motor_test/src/install/encoder_reader/lib/python3.8/site-packages/encoder_reader-0.0.0-py3.8.egg-info
[4.140s] running install_scripts
[4.204s] Installing encoder_odom script to /home/mehul/motor_test/src/install/encoder_reader/lib/encoder_reader
[4.205s] Installing encoder_serial_node script to /home/mehul/motor_test/src/install/encoder_reader/lib/encoder_reader
[4.206s] Installing motor_interface script to /home/mehul/motor_test/src/install/encoder_reader/lib/encoder_reader
[4.208s] writing list of installed files to '/home/mehul/motor_test/src/build/encoder_reader/install.log'
[4.308s] Invoked command in '/home/mehul/motor_test/src/encoder_reader' returned '0': PYTHONPATH=/home/mehul/motor_test/src/build/encoder_reader/prefix_override:/usr/lib/python3/dist-packages/colcon_core/task/python/colcon_distutils_commands:/home/mehul/motor_test/src/install/encoder_reader/lib/python3.8/site-packages:${PYTHONPATH} /usr/bin/python3 -W ignore:setup.py install is deprecated -W ignore:easy_install command is deprecated setup.py egg_info --egg-base ../build/encoder_reader build --build-base /home/mehul/motor_test/src/build/encoder_reader/build install --record /home/mehul/motor_test/src/build/encoder_reader/install.log --install-scripts $base/lib/encoder_reader --single-version-externally-managed install_data
