[1.288s] DEBUG:colcon:Command line arguments: ['/usr/bin/colcon', 'build', '--packages-select', 'encoder_reader']
[1.288s] DEBUG:colcon:Parsed command line arguments: Namespace(allow_overriding=[], ament_cmake_args=None, base_paths=['.'], build_base='build', catkin_cmake_args=None, catkin_skip_building_tests=False, cmake_args=None, cmake_clean_cache=False, cmake_clean_first=False, cmake_force_configure=False, cmake_target=None, cmake_target_skip_unavailable=False, continue_on_error=False, event_handlers=None, executor='parallel', ignore_user_meta=False, install_base='install', log_base=None, log_level=None, main=<bound method BuildVerb.main of <colcon_core.verb.build.BuildVerb object at 0xffffaebb6640>>, merge_install=False, metas=['./colcon.meta'], mixin=None, mixin_files=None, mixin_verb=('build',), packages_above=None, packages_above_and_dependencies=None, packages_above_depth=None, packages_end=None, packages_ignore=None, packages_ignore_regex=None, packages_select=['encoder_reader'], packages_select_build_failed=False, packages_select_by_dep=None, packages_select_regex=None, packages_select_test_failures=False, packages_skip=None, packages_skip_build_finished=False, packages_skip_by_dep=None, packages_skip_regex=None, packages_skip_test_passed=False, packages_skip_up_to=None, packages_start=None, packages_up_to=None, packages_up_to_regex=None, parallel_workers=4, paths=None, symlink_install=False, test_result_base=None, verb_extension=<colcon_core.verb.build.BuildVerb object at 0xffffaebb6640>, verb_name='build', verb_parser=<colcon_mixin.mixin.mixin_argument.MixinArgumentDecorator object at 0xffffaea8ec10>)
[2.040s] Level 1:colcon.colcon_core.package_discovery:discover_packages(colcon_meta) check parameters
[2.041s] Level 1:colcon.colcon_core.package_discovery:discover_packages(recursive) check parameters
[2.041s] Level 1:colcon.colcon_core.package_discovery:discover_packages(ignore) check parameters
[2.041s] Level 1:colcon.colcon_core.package_discovery:discover_packages(path) check parameters
[2.041s] Level 1:colcon.colcon_core.package_discovery:discover_packages(colcon_meta) discover
[2.042s] Level 1:colcon.colcon_core.package_discovery:discover_packages(recursive) discover
[2.042s] INFO:colcon.colcon_core.package_discovery:Crawling recursively for packages in '/home/mehul/motor_test/src'
[2.042s] Level 1:colcon.colcon_core.package_identification:_identify(.) by extensions ['ignore', 'ignore_ament_install']
[2.043s] Level 1:colcon.colcon_core.package_identification:_identify(.) by extension 'ignore'
[2.043s] Level 1:colcon.colcon_core.package_identification:_identify(.) by extension 'ignore_ament_install'
[2.043s] Level 1:colcon.colcon_core.package_identification:_identify(.) by extensions ['colcon_pkg']
[2.044s] Level 1:colcon.colcon_core.package_identification:_identify(.) by extension 'colcon_pkg'
[2.044s] Level 1:colcon.colcon_core.package_identification:_identify(.) by extensions ['colcon_meta']
[2.044s] Level 1:colcon.colcon_core.package_identification:_identify(.) by extension 'colcon_meta'
[2.044s] Level 1:colcon.colcon_core.package_identification:_identify(.) by extensions ['ros']
[2.044s] Level 1:colcon.colcon_core.package_identification:_identify(.) by extension 'ros'
[2.116s] Level 1:colcon.colcon_core.package_identification:_identify(.) by extensions ['cmake', 'python']
[2.117s] Level 1:colcon.colcon_core.package_identification:_identify(.) by extension 'cmake'
[2.117s] Level 1:colcon.colcon_core.package_identification:_identify(.) by extension 'python'
[2.117s] Level 1:colcon.colcon_core.package_identification:_identify(.) by extensions ['python_setup_py']
[2.118s] Level 1:colcon.colcon_core.package_identification:_identify(.) by extension 'python_setup_py'
[2.119s] Level 1:colcon.colcon_core.package_identification:_identify(build) by extensions ['ignore', 'ignore_ament_install']
[2.119s] Level 1:colcon.colcon_core.package_identification:_identify(build) by extension 'ignore'
[2.120s] Level 1:colcon.colcon_core.package_identification:_identify(build) ignored
[2.121s] Level 1:colcon.colcon_core.package_identification:_identify(encoder_reader) by extensions ['ignore', 'ignore_ament_install']
[2.121s] Level 1:colcon.colcon_core.package_identification:_identify(encoder_reader) by extension 'ignore'
[2.121s] Level 1:colcon.colcon_core.package_identification:_identify(encoder_reader) by extension 'ignore_ament_install'
[2.122s] Level 1:colcon.colcon_core.package_identification:_identify(encoder_reader) by extensions ['colcon_pkg']
[2.122s] Level 1:colcon.colcon_core.package_identification:_identify(encoder_reader) by extension 'colcon_pkg'
[2.122s] Level 1:colcon.colcon_core.package_identification:_identify(encoder_reader) by extensions ['colcon_meta']
[2.122s] Level 1:colcon.colcon_core.package_identification:_identify(encoder_reader) by extension 'colcon_meta'
[2.122s] Level 1:colcon.colcon_core.package_identification:_identify(encoder_reader) by extensions ['ros']
[2.123s] Level 1:colcon.colcon_core.package_identification:_identify(encoder_reader) by extension 'ros'
[2.137s] DEBUG:colcon.colcon_core.package_identification:Package 'encoder_reader' with type 'ros.ament_python' and name 'encoder_reader'
[2.138s] Level 1:colcon.colcon_core.package_identification:_identify(install) by extensions ['ignore', 'ignore_ament_install']
[2.139s] Level 1:colcon.colcon_core.package_identification:_identify(install) by extension 'ignore'
[2.139s] Level 1:colcon.colcon_core.package_identification:_identify(install) ignored
[2.140s] Level 1:colcon.colcon_core.package_identification:_identify(log) by extensions ['ignore', 'ignore_ament_install']
[2.140s] Level 1:colcon.colcon_core.package_identification:_identify(log) by extension 'ignore'
[2.140s] Level 1:colcon.colcon_core.package_identification:_identify(log) ignored
[2.141s] Level 1:colcon.colcon_core.package_discovery:discover_packages(recursive) using defaults
[2.141s] Level 1:colcon.colcon_core.package_discovery:discover_packages(ignore) discover
[2.141s] Level 1:colcon.colcon_core.package_discovery:discover_packages(ignore) using defaults
[2.141s] Level 1:colcon.colcon_core.package_discovery:discover_packages(path) discover
[2.141s] Level 1:colcon.colcon_core.package_discovery:discover_packages(path) using defaults
[2.228s] Level 1:colcon.colcon_core.package_discovery:discover_packages(prefix_path) check parameters
[2.228s] Level 1:colcon.colcon_core.package_discovery:discover_packages(prefix_path) discover
[2.242s] DEBUG:colcon.colcon_installed_package_information.package_discovery:Found 1 installed packages in /home/mehul/lidar_test/src/install
[2.244s] DEBUG:colcon.colcon_installed_package_information.package_discovery:Found 1 installed packages in /home/mehul/motor_test/src/install
[2.252s] DEBUG:colcon.colcon_installed_package_information.package_discovery:Found 264 installed packages in /opt/ros/foxy
[2.303s] Level 1:colcon.colcon_core.package_discovery:discover_packages(prefix_path) using defaults
[2.702s] Level 5:colcon.colcon_core.verb:set package 'encoder_reader' build argument 'cmake_args' from command line to 'None'
[2.702s] Level 5:colcon.colcon_core.verb:set package 'encoder_reader' build argument 'cmake_target' from command line to 'None'
[2.702s] Level 5:colcon.colcon_core.verb:set package 'encoder_reader' build argument 'cmake_target_skip_unavailable' from command line to 'False'
[2.702s] Level 5:colcon.colcon_core.verb:set package 'encoder_reader' build argument 'cmake_clean_cache' from command line to 'False'
[2.703s] Level 5:colcon.colcon_core.verb:set package 'encoder_reader' build argument 'cmake_clean_first' from command line to 'False'
[2.703s] Level 5:colcon.colcon_core.verb:set package 'encoder_reader' build argument 'cmake_force_configure' from command line to 'False'
[2.703s] Level 5:colcon.colcon_core.verb:set package 'encoder_reader' build argument 'ament_cmake_args' from command line to 'None'
[2.703s] Level 5:colcon.colcon_core.verb:set package 'encoder_reader' build argument 'catkin_cmake_args' from command line to 'None'
[2.703s] Level 5:colcon.colcon_core.verb:set package 'encoder_reader' build argument 'catkin_skip_building_tests' from command line to 'False'
[2.703s] DEBUG:colcon.colcon_core.verb:Building package 'encoder_reader' with the following arguments: {'ament_cmake_args': None, 'build_base': '/home/mehul/motor_test/src/build/encoder_reader', 'catkin_cmake_args': None, 'catkin_skip_building_tests': False, 'cmake_args': None, 'cmake_clean_cache': False, 'cmake_clean_first': False, 'cmake_force_configure': False, 'cmake_target': None, 'cmake_target_skip_unavailable': False, 'install_base': '/home/mehul/motor_test/src/install/encoder_reader', 'merge_install': False, 'path': '/home/mehul/motor_test/src/encoder_reader', 'symlink_install': False, 'test_result_base': None}
[2.704s] INFO:colcon.colcon_core.executor:Executing jobs using 'parallel' executor
[2.708s] DEBUG:colcon.colcon_parallel_executor.executor.parallel:run_until_complete
[2.709s] INFO:colcon.colcon_ros.task.ament_python.build:Building ROS package in '/home/mehul/motor_test/src/encoder_reader' with build type 'ament_python'
[2.709s] Level 1:colcon.colcon_core.shell:create_environment_hook('encoder_reader', 'ament_prefix_path')
[2.729s] INFO:colcon.colcon_core.plugin_system:Skipping extension 'colcon_core.shell.bat': Not used on non-Windows systems
[2.730s] INFO:colcon.colcon_core.shell:Creating environment hook '/home/mehul/motor_test/src/install/encoder_reader/share/encoder_reader/hook/ament_prefix_path.ps1'
[2.734s] INFO:colcon.colcon_core.shell:Creating environment descriptor '/home/mehul/motor_test/src/install/encoder_reader/share/encoder_reader/hook/ament_prefix_path.dsv'
[2.738s] INFO:colcon.colcon_core.shell:Creating environment hook '/home/mehul/motor_test/src/install/encoder_reader/share/encoder_reader/hook/ament_prefix_path.sh'
[2.743s] INFO:colcon.colcon_core.shell:Skip shell extension 'powershell' for command environment: Not usable outside of PowerShell
[2.744s] DEBUG:colcon.colcon_core.shell:Skip shell extension 'dsv' for command environment
[3.768s] INFO:colcon.colcon_core.task.python.build:Building Python package in '/home/mehul/motor_test/src/encoder_reader'
[3.769s] INFO:colcon.colcon_core.shell:Skip shell extension 'powershell' for command environment: Not usable outside of PowerShell
[3.769s] DEBUG:colcon.colcon_core.shell:Skip shell extension 'dsv' for command environment
[5.715s] DEBUG:colcon.colcon_core.event_handler.log_command:Invoking command in '/home/mehul/motor_test/src/encoder_reader': PYTHONPATH=/home/mehul/motor_test/src/build/encoder_reader/prefix_override:/usr/lib/python3/dist-packages/colcon_core/task/python/colcon_distutils_commands:/home/mehul/motor_test/src/install/encoder_reader/lib/python3.8/site-packages:${PYTHONPATH} /usr/bin/python3 -W ignore:setup.py install is deprecated -W ignore:easy_install command is deprecated setup.py egg_info --egg-base ../build/encoder_reader build --build-base /home/mehul/motor_test/src/build/encoder_reader/build install --record /home/mehul/motor_test/src/build/encoder_reader/install.log --install-scripts $base/lib/encoder_reader --single-version-externally-managed install_data
[7.018s] DEBUG:colcon.colcon_core.event_handler.log_command:Invoked command in '/home/mehul/motor_test/src/encoder_reader' returned '0': PYTHONPATH=/home/mehul/motor_test/src/build/encoder_reader/prefix_override:/usr/lib/python3/dist-packages/colcon_core/task/python/colcon_distutils_commands:/home/mehul/motor_test/src/install/encoder_reader/lib/python3.8/site-packages:${PYTHONPATH} /usr/bin/python3 -W ignore:setup.py install is deprecated -W ignore:easy_install command is deprecated setup.py egg_info --egg-base ../build/encoder_reader build --build-base /home/mehul/motor_test/src/build/encoder_reader/build install --record /home/mehul/motor_test/src/build/encoder_reader/install.log --install-scripts $base/lib/encoder_reader --single-version-externally-managed install_data
[7.041s] Level 1:colcon.colcon_core.environment:checking '/home/mehul/motor_test/src/install/encoder_reader' for CMake module files
[7.044s] Level 1:colcon.colcon_core.environment:checking '/home/mehul/motor_test/src/install/encoder_reader' for CMake config files
[7.049s] Level 1:colcon.colcon_core.environment:checking '/home/mehul/motor_test/src/install/encoder_reader/lib'
[7.051s] Level 1:colcon.colcon_core.environment:checking '/home/mehul/motor_test/src/install/encoder_reader/bin'
[7.051s] Level 1:colcon.colcon_core.environment:checking '/home/mehul/motor_test/src/install/encoder_reader/lib/pkgconfig/encoder_reader.pc'
[7.052s] Level 1:colcon.colcon_core.environment:checking '/home/mehul/motor_test/src/install/encoder_reader/lib/python3.8/site-packages'
[7.053s] Level 1:colcon.colcon_core.shell:create_environment_hook('encoder_reader', 'pythonpath')
[7.055s] INFO:colcon.colcon_core.shell:Creating environment hook '/home/mehul/motor_test/src/install/encoder_reader/share/encoder_reader/hook/pythonpath.ps1'
[7.058s] INFO:colcon.colcon_core.shell:Creating environment descriptor '/home/mehul/motor_test/src/install/encoder_reader/share/encoder_reader/hook/pythonpath.dsv'
[7.060s] INFO:colcon.colcon_core.shell:Creating environment hook '/home/mehul/motor_test/src/install/encoder_reader/share/encoder_reader/hook/pythonpath.sh'
[7.064s] Level 1:colcon.colcon_core.environment:checking '/home/mehul/motor_test/src/install/encoder_reader/bin'
[7.064s] Level 1:colcon.colcon_core.environment:create_environment_scripts_only(encoder_reader)
[7.065s] INFO:colcon.colcon_core.shell:Creating package script '/home/mehul/motor_test/src/install/encoder_reader/share/encoder_reader/package.ps1'
[7.070s] INFO:colcon.colcon_core.shell:Creating package descriptor '/home/mehul/motor_test/src/install/encoder_reader/share/encoder_reader/package.dsv'
[7.073s] INFO:colcon.colcon_core.shell:Creating package script '/home/mehul/motor_test/src/install/encoder_reader/share/encoder_reader/package.sh'
[7.078s] INFO:colcon.colcon_core.shell:Creating package script '/home/mehul/motor_test/src/install/encoder_reader/share/encoder_reader/package.bash'
[7.083s] INFO:colcon.colcon_core.shell:Creating package script '/home/mehul/motor_test/src/install/encoder_reader/share/encoder_reader/package.zsh'
[7.088s] Level 1:colcon.colcon_core.environment:create_file_with_runtime_dependencies(/home/mehul/motor_test/src/install/encoder_reader/share/colcon-core/packages/encoder_reader)
[7.089s] DEBUG:colcon.colcon_parallel_executor.executor.parallel:closing loop
[7.091s] DEBUG:colcon.colcon_parallel_executor.executor.parallel:loop closed
[7.091s] DEBUG:colcon.colcon_parallel_executor.executor.parallel:run_until_complete finished with '0'
[7.092s] DEBUG:colcon.colcon_core.event_reactor:joining thread
[7.123s] INFO:colcon.colcon_core.plugin_system:Skipping extension 'colcon_notification.desktop_notification.notify_send': Could not find 'notify-send'
[7.124s] INFO:colcon.colcon_core.plugin_system:Skipping extension 'colcon_notification.desktop_notification.terminal_notifier': Not used on non-Darwin systems
[7.124s] INFO:colcon.colcon_core.plugin_system:Skipping extension 'colcon_notification.desktop_notification.win32': Not used on non-Windows systems
[7.124s] INFO:colcon.colcon_notification.desktop_notification:Sending desktop notification using 'notify2'
[7.206s] DEBUG:colcon.colcon_core.event_reactor:joined thread
[7.208s] INFO:colcon.colcon_core.shell:Creating prefix script '/home/mehul/motor_test/src/install/local_setup.ps1'
[7.213s] INFO:colcon.colcon_core.shell:Creating prefix util module '/home/mehul/motor_test/src/install/_local_setup_util_ps1.py'
[7.222s] INFO:colcon.colcon_core.shell:Creating prefix chain script '/home/mehul/motor_test/src/install/setup.ps1'
[7.230s] INFO:colcon.colcon_core.shell:Creating prefix script '/home/mehul/motor_test/src/install/local_setup.sh'
[7.235s] INFO:colcon.colcon_core.shell:Creating prefix util module '/home/mehul/motor_test/src/install/_local_setup_util_sh.py'
[7.239s] INFO:colcon.colcon_core.shell:Creating prefix chain script '/home/mehul/motor_test/src/install/setup.sh'
[7.248s] INFO:colcon.colcon_core.shell:Creating prefix script '/home/mehul/motor_test/src/install/local_setup.bash'
[7.254s] INFO:colcon.colcon_core.shell:Creating prefix chain script '/home/mehul/motor_test/src/install/setup.bash'
[7.263s] INFO:colcon.colcon_core.shell:Creating prefix script '/home/mehul/motor_test/src/install/local_setup.zsh'
[7.269s] INFO:colcon.colcon_core.shell:Creating prefix chain script '/home/mehul/motor_test/src/install/setup.zsh'
