[1.013s] DEBUG:colcon:Command line arguments: ['/usr/bin/colcon', 'build', '--packages-select', 'encoder_reader']
[1.013s] DEBUG:colcon:Parsed command line arguments: Namespace(allow_overriding=[], ament_cmake_args=None, base_paths=['.'], build_base='build', catkin_cmake_args=None, catkin_skip_building_tests=False, cmake_args=None, cmake_clean_cache=False, cmake_clean_first=False, cmake_force_configure=False, cmake_target=None, cmake_target_skip_unavailable=False, continue_on_error=False, event_handlers=None, executor='parallel', ignore_user_meta=False, install_base='install', log_base=None, log_level=None, main=<bound method BuildVerb.main of <colcon_core.verb.build.BuildVerb object at 0xffffaa8c7790>>, merge_install=False, metas=['./colcon.meta'], mixin=None, mixin_files=None, mixin_verb=('build',), packages_above=None, packages_above_and_dependencies=None, packages_above_depth=None, packages_end=None, packages_ignore=None, packages_ignore_regex=None, packages_select=['encoder_reader'], packages_select_build_failed=False, packages_select_by_dep=None, packages_select_regex=None, packages_select_test_failures=False, packages_skip=None, packages_skip_build_finished=False, packages_skip_by_dep=None, packages_skip_regex=None, packages_skip_test_passed=False, packages_skip_up_to=None, packages_start=None, packages_up_to=None, packages_up_to_regex=None, parallel_workers=4, paths=None, symlink_install=False, test_result_base=None, verb_extension=<colcon_core.verb.build.BuildVerb object at 0xffffaa8c7790>, verb_name='build', verb_parser=<colcon_mixin.mixin.mixin_argument.MixinArgumentDecorator object at 0xffffaa79dd60>)
[1.713s] Level 1:colcon.colcon_core.package_discovery:discover_packages(colcon_meta) check parameters
[1.714s] Level 1:colcon.colcon_core.package_discovery:discover_packages(recursive) check parameters
[1.714s] Level 1:colcon.colcon_core.package_discovery:discover_packages(ignore) check parameters
[1.714s] Level 1:colcon.colcon_core.package_discovery:discover_packages(path) check parameters
[1.714s] Level 1:colcon.colcon_core.package_discovery:discover_packages(colcon_meta) discover
[1.714s] Level 1:colcon.colcon_core.package_discovery:discover_packages(recursive) discover
[1.715s] INFO:colcon.colcon_core.package_discovery:Crawling recursively for packages in '/home/mehul/motor_test'
[1.715s] Level 1:colcon.colcon_core.package_identification:_identify(.) by extensions ['ignore', 'ignore_ament_install']
[1.715s] Level 1:colcon.colcon_core.package_identification:_identify(.) by extension 'ignore'
[1.716s] Level 1:colcon.colcon_core.package_identification:_identify(.) by extension 'ignore_ament_install'
[1.716s] Level 1:colcon.colcon_core.package_identification:_identify(.) by extensions ['colcon_pkg']
[1.716s] Level 1:colcon.colcon_core.package_identification:_identify(.) by extension 'colcon_pkg'
[1.716s] Level 1:colcon.colcon_core.package_identification:_identify(.) by extensions ['colcon_meta']
[1.716s] Level 1:colcon.colcon_core.package_identification:_identify(.) by extension 'colcon_meta'
[1.716s] Level 1:colcon.colcon_core.package_identification:_identify(.) by extensions ['ros']
[1.717s] Level 1:colcon.colcon_core.package_identification:_identify(.) by extension 'ros'
[1.786s] Level 1:colcon.colcon_core.package_identification:_identify(.) by extensions ['cmake', 'python']
[1.786s] Level 1:colcon.colcon_core.package_identification:_identify(.) by extension 'cmake'
[1.787s] Level 1:colcon.colcon_core.package_identification:_identify(.) by extension 'python'
[1.787s] Level 1:colcon.colcon_core.package_identification:_identify(.) by extensions ['python_setup_py']
[1.787s] Level 1:colcon.colcon_core.package_identification:_identify(.) by extension 'python_setup_py'
[1.787s] Level 1:colcon.colcon_core.package_identification:_identify(build) by extensions ['ignore', 'ignore_ament_install']
[1.788s] Level 1:colcon.colcon_core.package_identification:_identify(build) by extension 'ignore'
[1.788s] Level 1:colcon.colcon_core.package_identification:_identify(build) ignored
[1.788s] Level 1:colcon.colcon_core.package_identification:_identify(install) by extensions ['ignore', 'ignore_ament_install']
[1.789s] Level 1:colcon.colcon_core.package_identification:_identify(install) by extension 'ignore'
[1.789s] Level 1:colcon.colcon_core.package_identification:_identify(install) ignored
[1.789s] Level 1:colcon.colcon_core.package_identification:_identify(log) by extensions ['ignore', 'ignore_ament_install']
[1.790s] Level 1:colcon.colcon_core.package_identification:_identify(log) by extension 'ignore'
[1.790s] Level 1:colcon.colcon_core.package_identification:_identify(log) ignored
[1.790s] Level 1:colcon.colcon_core.package_identification:_identify(src) by extensions ['ignore', 'ignore_ament_install']
[1.790s] Level 1:colcon.colcon_core.package_identification:_identify(src) by extension 'ignore'
[1.791s] Level 1:colcon.colcon_core.package_identification:_identify(src) by extension 'ignore_ament_install'
[1.791s] Level 1:colcon.colcon_core.package_identification:_identify(src) by extensions ['colcon_pkg']
[1.791s] Level 1:colcon.colcon_core.package_identification:_identify(src) by extension 'colcon_pkg'
[1.791s] Level 1:colcon.colcon_core.package_identification:_identify(src) by extensions ['colcon_meta']
[1.791s] Level 1:colcon.colcon_core.package_identification:_identify(src) by extension 'colcon_meta'
[1.791s] Level 1:colcon.colcon_core.package_identification:_identify(src) by extensions ['ros']
[1.791s] Level 1:colcon.colcon_core.package_identification:_identify(src) by extension 'ros'
[1.792s] Level 1:colcon.colcon_core.package_identification:_identify(src) by extensions ['cmake', 'python']
[1.792s] Level 1:colcon.colcon_core.package_identification:_identify(src) by extension 'cmake'
[1.792s] Level 1:colcon.colcon_core.package_identification:_identify(src) by extension 'python'
[1.792s] Level 1:colcon.colcon_core.package_identification:_identify(src) by extensions ['python_setup_py']
[1.792s] Level 1:colcon.colcon_core.package_identification:_identify(src) by extension 'python_setup_py'
[1.793s] Level 1:colcon.colcon_core.package_identification:_identify(src/build) by extensions ['ignore', 'ignore_ament_install']
[1.794s] Level 1:colcon.colcon_core.package_identification:_identify(src/build) by extension 'ignore'
[1.794s] Level 1:colcon.colcon_core.package_identification:_identify(src/build) ignored
[1.794s] Level 1:colcon.colcon_core.package_identification:_identify(src/encoder_reader) by extensions ['ignore', 'ignore_ament_install']
[1.794s] Level 1:colcon.colcon_core.package_identification:_identify(src/encoder_reader) by extension 'ignore'
[1.795s] Level 1:colcon.colcon_core.package_identification:_identify(src/encoder_reader) by extension 'ignore_ament_install'
[1.795s] Level 1:colcon.colcon_core.package_identification:_identify(src/encoder_reader) by extensions ['colcon_pkg']
[1.795s] Level 1:colcon.colcon_core.package_identification:_identify(src/encoder_reader) by extension 'colcon_pkg'
[1.795s] Level 1:colcon.colcon_core.package_identification:_identify(src/encoder_reader) by extensions ['colcon_meta']
[1.795s] Level 1:colcon.colcon_core.package_identification:_identify(src/encoder_reader) by extension 'colcon_meta'
[1.795s] Level 1:colcon.colcon_core.package_identification:_identify(src/encoder_reader) by extensions ['ros']
[1.796s] Level 1:colcon.colcon_core.package_identification:_identify(src/encoder_reader) by extension 'ros'
[1.811s] DEBUG:colcon.colcon_core.package_identification:Package 'src/encoder_reader' with type 'ros.ament_python' and name 'encoder_reader'
[1.812s] Level 1:colcon.colcon_core.package_identification:_identify(src/install) by extensions ['ignore', 'ignore_ament_install']
[1.813s] Level 1:colcon.colcon_core.package_identification:_identify(src/install) by extension 'ignore'
[1.813s] Level 1:colcon.colcon_core.package_identification:_identify(src/install) ignored
[1.814s] Level 1:colcon.colcon_core.package_identification:_identify(src/log) by extensions ['ignore', 'ignore_ament_install']
[1.815s] Level 1:colcon.colcon_core.package_identification:_identify(src/log) by extension 'ignore'
[1.815s] Level 1:colcon.colcon_core.package_identification:_identify(src/log) ignored
[1.815s] Level 1:colcon.colcon_core.package_discovery:discover_packages(recursive) using defaults
[1.815s] Level 1:colcon.colcon_core.package_discovery:discover_packages(ignore) discover
[1.815s] Level 1:colcon.colcon_core.package_discovery:discover_packages(ignore) using defaults
[1.815s] Level 1:colcon.colcon_core.package_discovery:discover_packages(path) discover
[1.816s] Level 1:colcon.colcon_core.package_discovery:discover_packages(path) using defaults
[1.899s] Level 1:colcon.colcon_core.package_discovery:discover_packages(prefix_path) check parameters
[1.899s] Level 1:colcon.colcon_core.package_discovery:discover_packages(prefix_path) discover
[1.917s] DEBUG:colcon.colcon_installed_package_information.package_discovery:Found 256 installed packages in /opt/ros/foxy
[1.928s] Level 1:colcon.colcon_core.package_discovery:discover_packages(prefix_path) using defaults
[2.326s] Level 5:colcon.colcon_core.verb:set package 'encoder_reader' build argument 'cmake_args' from command line to 'None'
[2.326s] Level 5:colcon.colcon_core.verb:set package 'encoder_reader' build argument 'cmake_target' from command line to 'None'
[2.326s] Level 5:colcon.colcon_core.verb:set package 'encoder_reader' build argument 'cmake_target_skip_unavailable' from command line to 'False'
[2.326s] Level 5:colcon.colcon_core.verb:set package 'encoder_reader' build argument 'cmake_clean_cache' from command line to 'False'
[2.326s] Level 5:colcon.colcon_core.verb:set package 'encoder_reader' build argument 'cmake_clean_first' from command line to 'False'
[2.326s] Level 5:colcon.colcon_core.verb:set package 'encoder_reader' build argument 'cmake_force_configure' from command line to 'False'
[2.326s] Level 5:colcon.colcon_core.verb:set package 'encoder_reader' build argument 'ament_cmake_args' from command line to 'None'
[2.327s] Level 5:colcon.colcon_core.verb:set package 'encoder_reader' build argument 'catkin_cmake_args' from command line to 'None'
[2.327s] Level 5:colcon.colcon_core.verb:set package 'encoder_reader' build argument 'catkin_skip_building_tests' from command line to 'False'
[2.327s] DEBUG:colcon.colcon_core.verb:Building package 'encoder_reader' with the following arguments: {'ament_cmake_args': None, 'build_base': '/home/mehul/motor_test/build/encoder_reader', 'catkin_cmake_args': None, 'catkin_skip_building_tests': False, 'cmake_args': None, 'cmake_clean_cache': False, 'cmake_clean_first': False, 'cmake_force_configure': False, 'cmake_target': None, 'cmake_target_skip_unavailable': False, 'install_base': '/home/mehul/motor_test/install/encoder_reader', 'merge_install': False, 'path': '/home/mehul/motor_test/src/encoder_reader', 'symlink_install': False, 'test_result_base': None}
[2.327s] INFO:colcon.colcon_core.executor:Executing jobs using 'parallel' executor
[2.331s] DEBUG:colcon.colcon_parallel_executor.executor.parallel:run_until_complete
[2.332s] INFO:colcon.colcon_ros.task.ament_python.build:Building ROS package in '/home/mehul/motor_test/src/encoder_reader' with build type 'ament_python'
[2.334s] Level 1:colcon.colcon_core.shell:create_environment_hook('encoder_reader', 'ament_prefix_path')
[2.353s] INFO:colcon.colcon_core.plugin_system:Skipping extension 'colcon_core.shell.bat': Not used on non-Windows systems
[2.354s] INFO:colcon.colcon_core.shell:Creating environment hook '/home/mehul/motor_test/install/encoder_reader/share/encoder_reader/hook/ament_prefix_path.ps1'
[2.359s] INFO:colcon.colcon_core.shell:Creating environment descriptor '/home/mehul/motor_test/install/encoder_reader/share/encoder_reader/hook/ament_prefix_path.dsv'
[2.362s] INFO:colcon.colcon_core.shell:Creating environment hook '/home/mehul/motor_test/install/encoder_reader/share/encoder_reader/hook/ament_prefix_path.sh'
[2.367s] INFO:colcon.colcon_core.shell:Skip shell extension 'powershell' for command environment: Not usable outside of PowerShell
[2.367s] DEBUG:colcon.colcon_core.shell:Skip shell extension 'dsv' for command environment
[3.297s] INFO:colcon.colcon_core.task.python.build:Building Python package in '/home/mehul/motor_test/src/encoder_reader'
[3.298s] INFO:colcon.colcon_core.shell:Skip shell extension 'powershell' for command environment: Not usable outside of PowerShell
[3.298s] DEBUG:colcon.colcon_core.shell:Skip shell extension 'dsv' for command environment
[5.090s] DEBUG:colcon.colcon_core.event_handler.log_command:Invoking command in '/home/mehul/motor_test/src/encoder_reader': PYTHONPATH=/home/mehul/motor_test/build/encoder_reader/prefix_override:/usr/lib/python3/dist-packages/colcon_core/task/python/colcon_distutils_commands:/home/mehul/motor_test/install/encoder_reader/lib/python3.8/site-packages:${PYTHONPATH} /usr/bin/python3 -W ignore:setup.py install is deprecated -W ignore:easy_install command is deprecated setup.py egg_info --egg-base ../../build/encoder_reader build --build-base /home/mehul/motor_test/build/encoder_reader/build install --record /home/mehul/motor_test/build/encoder_reader/install.log --install-scripts $base/lib/encoder_reader --single-version-externally-managed install_data
[6.310s] DEBUG:colcon.colcon_core.event_handler.log_command:Invoked command in '/home/mehul/motor_test/src/encoder_reader' returned '0': PYTHONPATH=/home/mehul/motor_test/build/encoder_reader/prefix_override:/usr/lib/python3/dist-packages/colcon_core/task/python/colcon_distutils_commands:/home/mehul/motor_test/install/encoder_reader/lib/python3.8/site-packages:${PYTHONPATH} /usr/bin/python3 -W ignore:setup.py install is deprecated -W ignore:easy_install command is deprecated setup.py egg_info --egg-base ../../build/encoder_reader build --build-base /home/mehul/motor_test/build/encoder_reader/build install --record /home/mehul/motor_test/build/encoder_reader/install.log --install-scripts $base/lib/encoder_reader --single-version-externally-managed install_data
[6.331s] Level 1:colcon.colcon_core.environment:checking '/home/mehul/motor_test/install/encoder_reader' for CMake module files
[6.334s] Level 1:colcon.colcon_core.environment:checking '/home/mehul/motor_test/install/encoder_reader' for CMake config files
[6.338s] Level 1:colcon.colcon_core.environment:checking '/home/mehul/motor_test/install/encoder_reader/lib'
[6.339s] Level 1:colcon.colcon_core.environment:checking '/home/mehul/motor_test/install/encoder_reader/bin'
[6.339s] Level 1:colcon.colcon_core.environment:checking '/home/mehul/motor_test/install/encoder_reader/lib/pkgconfig/encoder_reader.pc'
[6.340s] Level 1:colcon.colcon_core.environment:checking '/home/mehul/motor_test/install/encoder_reader/lib/python3.8/site-packages'
[6.340s] Level 1:colcon.colcon_core.shell:create_environment_hook('encoder_reader', 'pythonpath')
[6.342s] INFO:colcon.colcon_core.shell:Creating environment hook '/home/mehul/motor_test/install/encoder_reader/share/encoder_reader/hook/pythonpath.ps1'
[6.344s] INFO:colcon.colcon_core.shell:Creating environment descriptor '/home/mehul/motor_test/install/encoder_reader/share/encoder_reader/hook/pythonpath.dsv'
[6.346s] INFO:colcon.colcon_core.shell:Creating environment hook '/home/mehul/motor_test/install/encoder_reader/share/encoder_reader/hook/pythonpath.sh'
[6.348s] Level 1:colcon.colcon_core.environment:checking '/home/mehul/motor_test/install/encoder_reader/bin'
[6.349s] Level 1:colcon.colcon_core.environment:create_environment_scripts_only(encoder_reader)
[6.350s] INFO:colcon.colcon_core.shell:Creating package script '/home/mehul/motor_test/install/encoder_reader/share/encoder_reader/package.ps1'
[6.354s] INFO:colcon.colcon_core.shell:Creating package descriptor '/home/mehul/motor_test/install/encoder_reader/share/encoder_reader/package.dsv'
[6.358s] INFO:colcon.colcon_core.shell:Creating package script '/home/mehul/motor_test/install/encoder_reader/share/encoder_reader/package.sh'
[6.363s] INFO:colcon.colcon_core.shell:Creating package script '/home/mehul/motor_test/install/encoder_reader/share/encoder_reader/package.bash'
[6.368s] INFO:colcon.colcon_core.shell:Creating package script '/home/mehul/motor_test/install/encoder_reader/share/encoder_reader/package.zsh'
[6.372s] Level 1:colcon.colcon_core.environment:create_file_with_runtime_dependencies(/home/mehul/motor_test/install/encoder_reader/share/colcon-core/packages/encoder_reader)
[6.374s] DEBUG:colcon.colcon_parallel_executor.executor.parallel:closing loop
[6.375s] DEBUG:colcon.colcon_parallel_executor.executor.parallel:loop closed
[6.376s] DEBUG:colcon.colcon_parallel_executor.executor.parallel:run_until_complete finished with '0'
[6.376s] DEBUG:colcon.colcon_core.event_reactor:joining thread
[6.410s] INFO:colcon.colcon_core.plugin_system:Skipping extension 'colcon_notification.desktop_notification.notify_send': Could not find 'notify-send'
[6.410s] INFO:colcon.colcon_core.plugin_system:Skipping extension 'colcon_notification.desktop_notification.terminal_notifier': Not used on non-Darwin systems
[6.411s] INFO:colcon.colcon_core.plugin_system:Skipping extension 'colcon_notification.desktop_notification.win32': Not used on non-Windows systems
[6.411s] INFO:colcon.colcon_notification.desktop_notification:Sending desktop notification using 'notify2'
[6.487s] DEBUG:colcon.colcon_core.event_reactor:joined thread
[6.488s] INFO:colcon.colcon_core.shell:Creating prefix script '/home/mehul/motor_test/install/local_setup.ps1'
[6.494s] INFO:colcon.colcon_core.shell:Creating prefix util module '/home/mehul/motor_test/install/_local_setup_util_ps1.py'
[6.502s] INFO:colcon.colcon_core.shell:Creating prefix chain script '/home/mehul/motor_test/install/setup.ps1'
[6.539s] INFO:colcon.colcon_core.shell:Creating prefix script '/home/mehul/motor_test/install/local_setup.sh'
[6.579s] INFO:colcon.colcon_core.shell:Creating prefix util module '/home/mehul/motor_test/install/_local_setup_util_sh.py'
[6.586s] INFO:colcon.colcon_core.shell:Creating prefix chain script '/home/mehul/motor_test/install/setup.sh'
[6.646s] INFO:colcon.colcon_core.shell:Creating prefix script '/home/mehul/motor_test/install/local_setup.bash'
[6.653s] INFO:colcon.colcon_core.shell:Creating prefix chain script '/home/mehul/motor_test/install/setup.bash'
[6.659s] INFO:colcon.colcon_core.shell:Creating prefix script '/home/mehul/motor_test/install/local_setup.zsh'
[6.662s] INFO:colcon.colcon_core.shell:Creating prefix chain script '/home/mehul/motor_test/install/setup.zsh'
