[2.586s] Invoking command in '/home/mehul/motor_test/src/encoder_reader': PYTHONPATH=/home/mehul/motor_test/src/build/encoder_reader/prefix_override:/usr/lib/python3/dist-packages/colcon_core/task/python/colcon_distutils_commands:/home/mehul/motor_test/src/install/encoder_reader/lib/python3.8/site-packages:${PYTHONPATH} /usr/bin/python3 -W ignore:setup.py install is deprecated -W ignore:easy_install command is deprecated setup.py egg_info --egg-base ../build/encoder_reader build --build-base /home/mehul/motor_test/src/build/encoder_reader/build install --record /home/mehul/motor_test/src/build/encoder_reader/install.log --install-scripts $base/lib/encoder_reader --single-version-externally-managed install_data
[3.474s] running egg_info
[3.477s] writing ../build/encoder_reader/encoder_reader.egg-info/PKG-INFO
[3.478s] writing dependency_links to ../build/encoder_reader/encoder_reader.egg-info/dependency_links.txt
[3.479s] writing entry points to ../build/encoder_reader/encoder_reader.egg-info/entry_points.txt
[3.480s] writing requirements to ../build/encoder_reader/encoder_reader.egg-info/requires.txt
[3.481s] writing top-level names to ../build/encoder_reader/encoder_reader.egg-info/top_level.txt
[3.606s] reading manifest file '../build/encoder_reader/encoder_reader.egg-info/SOURCES.txt'
[3.610s] writing manifest file '../build/encoder_reader/encoder_reader.egg-info/SOURCES.txt'
[3.611s] running build
[3.611s] running build_py
[3.613s] running install
[3.616s] running install_lib
[3.623s] running install_data
[3.625s] copying launch/encoder_system.launch.py -> /home/mehul/motor_test/src/install/encoder_reader/share/encoder_reader/launch
[3.626s] running install_egg_info
[3.633s] removing '/home/mehul/motor_test/src/install/encoder_reader/lib/python3.8/site-packages/encoder_reader-0.0.0-py3.8.egg-info' (and everything under it)
[3.634s] Copying ../build/encoder_reader/encoder_reader.egg-info to /home/mehul/motor_test/src/install/encoder_reader/lib/python3.8/site-packages/encoder_reader-0.0.0-py3.8.egg-info
[3.639s] running install_scripts
[3.701s] Installing encoder_odom script to /home/mehul/motor_test/src/install/encoder_reader/lib/encoder_reader
[3.702s] Installing encoder_serial_node script to /home/mehul/motor_test/src/install/encoder_reader/lib/encoder_reader
[3.703s] Installing motor_interface script to /home/mehul/motor_test/src/install/encoder_reader/lib/encoder_reader
[3.705s] writing list of installed files to '/home/mehul/motor_test/src/build/encoder_reader/install.log'
[3.803s] Invoked command in '/home/mehul/motor_test/src/encoder_reader' returned '0': PYTHONPATH=/home/mehul/motor_test/src/build/encoder_reader/prefix_override:/usr/lib/python3/dist-packages/colcon_core/task/python/colcon_distutils_commands:/home/mehul/motor_test/src/install/encoder_reader/lib/python3.8/site-packages:${PYTHONPATH} /usr/bin/python3 -W ignore:setup.py install is deprecated -W ignore:easy_install command is deprecated setup.py egg_info --egg-base ../build/encoder_reader build --build-base /home/mehul/motor_test/src/build/encoder_reader/build install --record /home/mehul/motor_test/src/build/encoder_reader/install.log --install-scripts $base/lib/encoder_reader --single-version-externally-managed install_data
