[2.499s] Invoking command in '/home/mehul/motor_test/src/encoder_reader': PYTHONPATH=/home/mehul/motor_test/src/build/encoder_reader/prefix_override:/usr/lib/python3/dist-packages/colcon_core/task/python/colcon_distutils_commands:/home/mehul/motor_test/src/install/encoder_reader/lib/python3.8/site-packages:${PYTHONPATH} /usr/bin/python3 -W ignore:setup.py install is deprecated -W ignore:easy_install command is deprecated setup.py egg_info --egg-base ../build/encoder_reader build --build-base /home/mehul/motor_test/src/build/encoder_reader/build install --record /home/mehul/motor_test/src/build/encoder_reader/install.log --install-scripts $base/lib/encoder_reader --single-version-externally-managed install_data
[3.365s] running egg_info
[3.368s] creating ../build/encoder_reader/encoder_reader.egg-info
[3.368s] writing ../build/encoder_reader/encoder_reader.egg-info/PKG-INFO
[3.369s] writing dependency_links to ../build/encoder_reader/encoder_reader.egg-info/dependency_links.txt
[3.370s] writing entry points to ../build/encoder_reader/encoder_reader.egg-info/entry_points.txt
[3.371s] writing requirements to ../build/encoder_reader/encoder_reader.egg-info/requires.txt
[3.371s] writing top-level names to ../build/encoder_reader/encoder_reader.egg-info/top_level.txt
[3.375s] writing manifest file '../build/encoder_reader/encoder_reader.egg-info/SOURCES.txt'
[3.495s] reading manifest file '../build/encoder_reader/encoder_reader.egg-info/SOURCES.txt'
[3.498s] writing manifest file '../build/encoder_reader/encoder_reader.egg-info/SOURCES.txt'
[3.499s] running build
[3.499s] running build_py
[3.500s] creating /home/mehul/motor_test/src/build/encoder_reader/build
[3.500s] creating /home/mehul/motor_test/src/build/encoder_reader/build/lib
[3.500s] creating /home/mehul/motor_test/src/build/encoder_reader/build/lib/encoder_reader
[3.501s] copying encoder_reader/__init__.py -> /home/mehul/motor_test/src/build/encoder_reader/build/lib/encoder_reader
[3.501s] copying encoder_reader/encoder_serial_node.py -> /home/mehul/motor_test/src/build/encoder_reader/build/lib/encoder_reader
[3.502s] running install
[3.505s] running install_lib
[3.508s] creating /home/mehul/motor_test/src/install/encoder_reader/lib/python3.8/site-packages/encoder_reader
[3.509s] copying /home/mehul/motor_test/src/build/encoder_reader/build/lib/encoder_reader/encoder_serial_node.py -> /home/mehul/motor_test/src/install/encoder_reader/lib/python3.8/site-packages/encoder_reader
[3.509s] copying /home/mehul/motor_test/src/build/encoder_reader/build/lib/encoder_reader/__init__.py -> /home/mehul/motor_test/src/install/encoder_reader/lib/python3.8/site-packages/encoder_reader
[3.512s] byte-compiling /home/mehul/motor_test/src/install/encoder_reader/lib/python3.8/site-packages/encoder_reader/encoder_serial_node.py to encoder_serial_node.cpython-38.pyc
[3.517s] byte-compiling /home/mehul/motor_test/src/install/encoder_reader/lib/python3.8/site-packages/encoder_reader/__init__.py to __init__.cpython-38.pyc
[3.518s] running install_data
[3.519s] creating /home/mehul/motor_test/src/install/encoder_reader/share/ament_index
[3.519s] creating /home/mehul/motor_test/src/install/encoder_reader/share/ament_index/resource_index
[3.520s] creating /home/mehul/motor_test/src/install/encoder_reader/share/ament_index/resource_index/packages
[3.520s] copying resource/encoder_reader -> /home/mehul/motor_test/src/install/encoder_reader/share/ament_index/resource_index/packages
[3.521s] copying package.xml -> /home/mehul/motor_test/src/install/encoder_reader/share/encoder_reader
[3.522s] creating /home/mehul/motor_test/src/install/encoder_reader/share/encoder_reader/msg
[3.522s] copying msg/EncoderTicks.msg -> /home/mehul/motor_test/src/install/encoder_reader/share/encoder_reader/msg
[3.522s] running install_egg_info
[3.528s] Copying ../build/encoder_reader/encoder_reader.egg-info to /home/mehul/motor_test/src/install/encoder_reader/lib/python3.8/site-packages/encoder_reader-0.0.0-py3.8.egg-info
[3.532s] running install_scripts
[3.593s] Installing encoder_serial_node script to /home/mehul/motor_test/src/install/encoder_reader/lib/encoder_reader
[3.594s] writing list of installed files to '/home/mehul/motor_test/src/build/encoder_reader/install.log'
[3.690s] Invoked command in '/home/mehul/motor_test/src/encoder_reader' returned '0': PYTHONPATH=/home/mehul/motor_test/src/build/encoder_reader/prefix_override:/usr/lib/python3/dist-packages/colcon_core/task/python/colcon_distutils_commands:/home/mehul/motor_test/src/install/encoder_reader/lib/python3.8/site-packages:${PYTHONPATH} /usr/bin/python3 -W ignore:setup.py install is deprecated -W ignore:easy_install command is deprecated setup.py egg_info --egg-base ../build/encoder_reader build --build-base /home/mehul/motor_test/src/build/encoder_reader/build install --record /home/mehul/motor_test/src/build/encoder_reader/install.log --install-scripts $base/lib/encoder_reader --single-version-externally-managed install_data
