[2.790s] Invoking command in '/home/mehul/motor_test/src/encoder_reader': PYTHONPATH=/home/mehul/motor_test/src/build/encoder_reader/prefix_override:/usr/lib/python3/dist-packages/colcon_core/task/python/colcon_distutils_commands:/home/mehul/motor_test/src/install/encoder_reader/lib/python3.8/site-packages:${PYTHONPATH} /usr/bin/python3 -W ignore:setup.py install is deprecated -W ignore:easy_install command is deprecated setup.py egg_info --egg-base ../build/encoder_reader build --build-base /home/mehul/motor_test/src/build/encoder_reader/build install --record /home/mehul/motor_test/src/build/encoder_reader/install.log --install-scripts $base/lib/encoder_reader --single-version-externally-managed install_data
[3.670s] running egg_info
[3.673s] writing ../build/encoder_reader/encoder_reader.egg-info/PKG-INFO
[3.674s] writing dependency_links to ../build/encoder_reader/encoder_reader.egg-info/dependency_links.txt
[3.675s] writing entry points to ../build/encoder_reader/encoder_reader.egg-info/entry_points.txt
[3.676s] writing requirements to ../build/encoder_reader/encoder_reader.egg-info/requires.txt
[3.676s] writing top-level names to ../build/encoder_reader/encoder_reader.egg-info/top_level.txt
[3.807s] reading manifest file '../build/encoder_reader/encoder_reader.egg-info/SOURCES.txt'
[3.811s] writing manifest file '../build/encoder_reader/encoder_reader.egg-info/SOURCES.txt'
[3.812s] running build
[3.813s] running build_py
[3.814s] copying encoder_reader/encoder_odom.py -> /home/mehul/motor_test/src/build/encoder_reader/build/lib/encoder_reader
[3.815s] running install
[3.818s] running install_lib
[3.823s] copying /home/mehul/motor_test/src/build/encoder_reader/build/lib/encoder_reader/encoder_odom.py -> /home/mehul/motor_test/src/install/encoder_reader/lib/python3.8/site-packages/encoder_reader
[3.826s] byte-compiling /home/mehul/motor_test/src/install/encoder_reader/lib/python3.8/site-packages/encoder_reader/encoder_odom.py to encoder_odom.cpython-38.pyc
[3.833s] running install_data
[3.834s] running install_egg_info
[3.840s] removing '/home/mehul/motor_test/src/install/encoder_reader/lib/python3.8/site-packages/encoder_reader-0.0.0-py3.8.egg-info' (and everything under it)
[3.842s] Copying ../build/encoder_reader/encoder_reader.egg-info to /home/mehul/motor_test/src/install/encoder_reader/lib/python3.8/site-packages/encoder_reader-0.0.0-py3.8.egg-info
[3.847s] running install_scripts
[3.908s] Installing encoder_odom script to /home/mehul/motor_test/src/install/encoder_reader/lib/encoder_reader
[3.909s] Installing encoder_serial_node script to /home/mehul/motor_test/src/install/encoder_reader/lib/encoder_reader
[3.909s] Installing motor_interface script to /home/mehul/motor_test/src/install/encoder_reader/lib/encoder_reader
[3.911s] writing list of installed files to '/home/mehul/motor_test/src/build/encoder_reader/install.log'
[4.007s] Invoked command in '/home/mehul/motor_test/src/encoder_reader' returned '0': PYTHONPATH=/home/mehul/motor_test/src/build/encoder_reader/prefix_override:/usr/lib/python3/dist-packages/colcon_core/task/python/colcon_distutils_commands:/home/mehul/motor_test/src/install/encoder_reader/lib/python3.8/site-packages:${PYTHONPATH} /usr/bin/python3 -W ignore:setup.py install is deprecated -W ignore:easy_install command is deprecated setup.py egg_info --egg-base ../build/encoder_reader build --build-base /home/mehul/motor_test/src/build/encoder_reader/build install --record /home/mehul/motor_test/src/build/encoder_reader/install.log --install-scripts $base/lib/encoder_reader --single-version-externally-managed install_data
