[2.226s] Invoking command in '/home/mehul/motor_test/src/encoder_reader': PYTHONPATH=/home/mehul/motor_test/src/build/encoder_reader/prefix_override:/usr/lib/python3/dist-packages/colcon_core/task/python/colcon_distutils_commands:/home/mehul/motor_test/src/install/encoder_reader/lib/python3.8/site-packages: /usr/bin/python3 -W ignore:setup.py install is deprecated -W ignore:easy_install command is deprecated setup.py egg_info --egg-base ../build/encoder_reader build --build-base /home/mehul/motor_test/src/build/encoder_reader/build install --record /home/mehul/motor_test/src/build/encoder_reader/install.log --install-scripts $base/lib/encoder_reader --single-version-externally-managed install_data
[2.980s] running egg_info
[2.983s] writing ../build/encoder_reader/encoder_reader.egg-info/PKG-INFO
[2.984s] writing dependency_links to ../build/encoder_reader/encoder_reader.egg-info/dependency_links.txt
[2.985s] writing entry points to ../build/encoder_reader/encoder_reader.egg-info/entry_points.txt
[2.985s] writing requirements to ../build/encoder_reader/encoder_reader.egg-info/requires.txt
[2.986s] writing top-level names to ../build/encoder_reader/encoder_reader.egg-info/top_level.txt
[3.110s] reading manifest file '../build/encoder_reader/encoder_reader.egg-info/SOURCES.txt'
[3.114s] writing manifest file '../build/encoder_reader/encoder_reader.egg-info/SOURCES.txt'
[3.114s] running build
[3.115s] running build_py
[3.115s] copying encoder_reader/encoder_serial_node.py -> /home/mehul/motor_test/src/build/encoder_reader/build/lib/encoder_reader
[3.117s] running install
[3.120s] running install_lib
[3.123s] copying /home/mehul/motor_test/src/build/encoder_reader/build/lib/encoder_reader/encoder_serial_node.py -> /home/mehul/motor_test/src/install/encoder_reader/lib/python3.8/site-packages/encoder_reader
[3.126s] byte-compiling /home/mehul/motor_test/src/install/encoder_reader/lib/python3.8/site-packages/encoder_reader/encoder_serial_node.py to encoder_serial_node.cpython-38.pyc
[3.132s] running install_data
[3.132s] copying package.xml -> /home/mehul/motor_test/src/install/encoder_reader/share/encoder_reader
[3.133s] running install_egg_info
[3.139s] removing '/home/mehul/motor_test/src/install/encoder_reader/lib/python3.8/site-packages/encoder_reader-0.0.0-py3.8.egg-info' (and everything under it)
[3.140s] Copying ../build/encoder_reader/encoder_reader.egg-info to /home/mehul/motor_test/src/install/encoder_reader/lib/python3.8/site-packages/encoder_reader-0.0.0-py3.8.egg-info
[3.145s] running install_scripts
[3.204s] Installing encoder_serial_node script to /home/mehul/motor_test/src/install/encoder_reader/lib/encoder_reader
[3.206s] writing list of installed files to '/home/mehul/motor_test/src/build/encoder_reader/install.log'
[3.302s] Invoked command in '/home/mehul/motor_test/src/encoder_reader' returned '0': PYTHONPATH=/home/mehul/motor_test/src/build/encoder_reader/prefix_override:/usr/lib/python3/dist-packages/colcon_core/task/python/colcon_distutils_commands:/home/mehul/motor_test/src/install/encoder_reader/lib/python3.8/site-packages: /usr/bin/python3 -W ignore:setup.py install is deprecated -W ignore:easy_install command is deprecated setup.py egg_info --egg-base ../build/encoder_reader build --build-base /home/mehul/motor_test/src/build/encoder_reader/build install --record /home/mehul/motor_test/src/build/encoder_reader/install.log --install-scripts $base/lib/encoder_reader --single-version-externally-managed install_data
